<?xml version="1.0" encoding="UTF-8"?>
<!-- Generated by org.testng.reporters.JUnitReportReporter -->
<testsuite hostname="LAPTOP-DES8B8NC" failures="0" tests="6" name="Testngpackage.Producttest" time="95.683" errors="0" timestamp="2022-09-21T10:17:53 IST" skipped="1">
  <testcase classname="Testngpackage.Producttest" name="productpage" time="21.770"/>
  <system-out/>
  <testcase classname="Testngpackage.Producttest" name="addproduct" time="24.691"/>
  <system-out/>
  <testcase classname="Testngpackage.Producttest" name="dropdownpage" time="21.566"/>
  <system-out/>
  <testcase classname="Testngpackage.Producttest" name="stockpage" time="18.442"/>
  <system-out/>
  <testcase classname="Testngpackage.Producttest" name="searchpage" time="9.214"/>
  <system-out/>
  <testcase classname="Testngpackage.Producttest" name="uploadfile">
    <skipped/>
  </testcase> <!-- uploadfile -->
  <system-out/>
</testsuite> <!-- Testngpackage.Producttest -->
