<?xml version="1.0" encoding="UTF-8"?>
<!-- Generated by org.testng.reporters.JUnitReportReporter -->
<testsuite hostname="LAPTOP-DES8B8NC" failures="0" tests="3" name="Testngpackage.Categorytest" time="49.735" errors="0" timestamp="2022-09-21T10:17:53 IST" skipped="0">
  <testcase classname="Testngpackage.Categorytest" name="categorypages" time="12.402"/>
  <system-out/>
  <testcase classname="Testngpackage.Categorytest" name="categorydetails" time="22.034"/>
  <system-out/>
  <testcase classname="Testngpackage.Categorytest" name="categorysearch" time="15.299"/>
  <system-out/>
</testsuite> <!-- Testngpackage.Categorytest -->
