<?xml version="1.0" encoding="UTF-8"?>
<!-- Generated by org.testng.reporters.JUnitReportReporter -->
<testsuite hostname="LAPTOP-DES8B8NC" failures="0" tests="1" name="Testngpackage.Salestest" time="22.479" errors="0" timestamp="2022-09-21T10:17:53 IST" skipped="0">
  <testcase classname="Testngpackage.Salestest" name="salespagedetail" time="22.479"/>
  <system-out/>
</testsuite> <!-- Testngpackage.Salestest -->
