<?xml version="1.0" encoding="UTF-8"?>
<!-- Generated by org.testng.reporters.JUnitReportReporter -->
<testsuite hostname="LAPTOP-DES8B8NC" failures="0" tests="3" name="Testngpackage.Storetest" time="40.899" errors="0" timestamp="2022-09-21T10:17:53 IST" skipped="0">
  <testcase classname="Testngpackage.Storetest" name="addstore" time="10.970"/>
  <system-out/>
  <testcase classname="Testngpackage.Storetest" name="storedetail" time="20.704"/>
  <system-out/>
  <testcase classname="Testngpackage.Storetest" name="searchdetail" time="9.225"/>
  <system-out/>
</testsuite> <!-- Testngpackage.Storetest -->
