<?xml version="1.0" encoding="UTF-8"?>
<!-- Generated by org.testng.reporters.JUnitReportReporter -->
<testsuite hostname="LAPTOP-DES8B8NC" failures="0" tests="3" name="Testngpackage.Customerstest" time="46.287" errors="0" timestamp="2022-09-21T10:17:53 IST" skipped="0">
  <testcase classname="Testngpackage.Customerstest" name="customersdetail" time="16.651"/>
  <system-out/>
  <testcase classname="Testngpackage.Customerstest" name="addcustomer" time="20.479"/>
  <system-out/>
  <testcase classname="Testngpackage.Customerstest" name="searchcustomer" time="9.157"/>
  <system-out/>
</testsuite> <!-- Testngpackage.Customerstest -->
