<?xml version="1.0" encoding="UTF-8"?>
<!-- Generated by org.testng.reporters.JUnitReportReporter -->
<testsuite hostname="LAPTOP-DES8B8NC" failures="0" tests="30" name="Testngpackage.Extentreport" time="0.018" errors="0" timestamp="2022-09-21T10:08:49 IST" skipped="0">
  <testcase classname="Testngpackage.Extentreport" name="Suppliers1" time="0.000"/>
  <system-out/>
  <testcase classname="Testngpackage.Extentreport" name="validlogin" time="0.004"/>
  <system-out/>
  <testcase classname="Testngpackage.Extentreport" name="Expense1" time="0.000"/>
  <system-out/>
  <testcase classname="Testngpackage.Extentreport" name="stores2" time="0.000"/>
  <system-out/>
  <testcase classname="Testngpackage.Extentreport" name="Expense2" time="0.001"/>
  <system-out/>
  <testcase classname="Testngpackage.Extentreport" name="stores1" time="0.000"/>
  <system-out/>
  <testcase classname="Testngpackage.Extentreport" name="Categories2" time="0.000"/>
  <system-out/>
  <testcase classname="Testngpackage.Extentreport" name="Suppliers2" time="0.000"/>
  <system-out/>
  <testcase classname="Testngpackage.Extentreport" name="Categoriessearch" time="0.000"/>
  <system-out/>
  <testcase classname="Testngpackage.Extentreport" name="addpdt2" time="0.000"/>
  <system-out/>
  <testcase classname="Testngpackage.Extentreport" name="Supplierssearch" time="0.000"/>
  <system-out/>
  <testcase classname="Testngpackage.Extentreport" name="Settings" time="0.001"/>
  <system-out/>
  <testcase classname="Testngpackage.Extentreport" name="Waiters1" time="0.001"/>
  <system-out/>
  <testcase classname="Testngpackage.Extentreport" name="Expense3" time="0.000"/>
  <system-out/>
  <testcase classname="Testngpackage.Extentreport" name="Customers1" time="0.000"/>
  <system-out/>
  <testcase classname="Testngpackage.Extentreport" name="Sales1" time="0.000"/>
  <system-out/>
  <testcase classname="Testngpackage.Extentreport" name="pdtpage1" time="0.001"/>
  <system-out/>
  <testcase classname="Testngpackage.Extentreport" name="Customers2" time="0.000"/>
  <system-out/>
  <testcase classname="Testngpackage.Extentreport" name="Waiters3" time="0.001"/>
  <system-out/>
  <testcase classname="Testngpackage.Extentreport" name="Waiters4" time="0.001"/>
  <system-out/>
  <testcase classname="Testngpackage.Extentreport" name="addpdtstock4" time="0.000"/>
  <system-out/>
  <testcase classname="Testngpackage.Extentreport" name="stores3" time="0.000"/>
  <system-out/>
  <testcase classname="Testngpackage.Extentreport" name="Expense4" time="0.000"/>
  <system-out/>
  <testcase classname="Testngpackage.Extentreport" name="Salessearch" time="0.000"/>
  <system-out/>
  <testcase classname="Testngpackage.Extentreport" name="addpdtdrop3" time="0.000"/>
  <system-out/>
  <testcase classname="Testngpackage.Extentreport" name="Customerssearch" time="0.000"/>
  <system-out/>
  <testcase classname="Testngpackage.Extentreport" name="Invalidlogin" time="0.001"/>
  <system-out/>
  <testcase classname="Testngpackage.Extentreport" name="Waiters2" time="0.000"/>
  <system-out/>
  <testcase classname="Testngpackage.Extentreport" name="searchpdt" time="0.000"/>
  <system-out/>
  <testcase classname="Testngpackage.Extentreport" name="Categories1" time="0.007"/>
  <system-out/>
</testsuite> <!-- Testngpackage.Extentreport -->
