<?xml version="1.0" encoding="UTF-8"?>
<!-- Generated by org.testng.reporters.JUnitReportReporter -->
<testsuite hostname="LAPTOP-DES8B8NC" failures="0" tests="4" name="Testngpackage.Expensetest" time="46.797" errors="0" timestamp="2022-09-21T10:17:53 IST" skipped="1">
  <testcase classname="Testngpackage.Expensetest" name="expensepages" time="16.113"/>
  <system-out/>
  <testcase classname="Testngpackage.Expensetest" name="expensepagesdetail" time="15.397"/>
  <system-out/>
  <testcase classname="Testngpackage.Expensetest" name="searchfile" time="15.287"/>
  <system-out/>
  <testcase classname="Testngpackage.Expensetest" name="uploadfile">
    <skipped/>
  </testcase> <!-- uploadfile -->
  <system-out/>
</testsuite> <!-- Testngpackage.Expensetest -->
